# JRE version: OpenJDK Runtime Environment Temurin-17.0.10+7 (17.0.10+7) (build 17.0.10+7)
# Java VM: OpenJDK 64-Bit Server VM Temurin-17.0.10+7 (17.0.10+7, mixed mode, emulated-client, tiered, compressed oops, compressed class ptrs, g1 gc, windows-amd64)
GC Precious Log:
 CPUs: 4 total, 4 available
 Memory: 4000M
 Large Page Support: Disabled
 NUMA Support: Disabled
 Compressed Oops: Enabled (32-bit)
 Heap Region Size: 1M
 Heap Min Capacity: 8M
 Heap Initial Capacity: 64M
 Heap Max Capacity: 1G
 Pre-touch: Disabled
 Parallel Workers: 4
 Concurrent Workers: 1
 Concurrent Refinement Workers: 4
 Periodic GC: Disabled
Heap:
 garbage-first heap   total 65536K, used 24046K [0x00000000c0000000, 0x0000000100000000)
  region size 1024K, 1 young (1024K), 0 survivors (0K)
 Metaspace       used 38843K, committed 39488K, reserved 1114112K
  class space    used 5121K, committed 5376K, reserved 1048576K
GC Heap History (20 events):
Event: 661.787 GC heap before
{Heap before GC invocations=55 (full 44):
 garbage-first heap   total 65536K, used 24046K [0x00000000c0000000, 0x0000000100000000)
  region size 1024K, 1 young (1024K), 0 survivors (0K)
 Metaspace       used 38843K, committed 39488K, reserved 1114112K
  class space    used 5121K, committed 5376K, reserved 1048576K
}
Event: 661.853 GC heap after
{Heap after GC invocations=56 (full 45):
 garbage-first heap   total 65536K, used 24046K [0x00000000c0000000, 0x0000000100000000)
  region size 1024K, 0 young (0K), 0 survivors (0K)
 Metaspace       used 38843K, committed 39488K, reserved 1114112K
  class space    used 5121K, committed 5376K, reserved 1048576K
}
Event: 679.707 GC heap before
{Heap before GC invocations=56 (full 45):
 garbage-first heap   total 65536K, used 24046K [0x00000000c0000000, 0x0000000100000000)
  region size 1024K, 1 young (1024K), 0 survivors (0K)
 Metaspace       used 38843K, committed 39488K, reserved 1114112K
  class space    used 5121K, committed 5376K, reserved 1048576K
}
Event: 679.766 GC heap after
{Heap after GC invocations=57 (full 46):
 garbage-first heap   total 65536K, used 24046K [0x00000000c0000000, 0x0000000100000000)
  region size 1024K, 0 young (0K), 0 survivors (0K)
 Metaspace       used 38843K, committed 39488K, reserved 1114112K
  class space    used 5121K, committed 5376K, reserved 1048576K
}
Event: 699.080 GC heap before
{Heap before GC invocations=57 (full 46):
 garbage-first heap   total 65536K, used 24046K [0x00000000c0000000, 0x0000000100000000)
  region size 1024K, 1 young (1024K), 0 survivors (0K)
 Metaspace       used 38843K, committed 39488K, reserved 1114112K
  class space    used 5121K, committed 5376K, reserved 1048576K
}
Event: 699.379 GC heap after
{Heap after GC invocations=58 (full 47):
 garbage-first heap   total 65536K, used 24046K [0x00000000c0000000, 0x0000000100000000)
  region size 1024K, 0 young (0K), 0 survivors (0K)
 Metaspace       used 38843K, committed 39488K, reserved 1114112K
  class space    used 5121K, committed 5376K, reserved 1048576K
}
Event: 718.942 GC heap before
{Heap before GC invocations=58 (full 47):
 garbage-first heap   total 65536K, used 24046K [0x00000000c0000000, 0x0000000100000000)
  region size 1024K, 1 young (1024K), 0 survivors (0K)
 Metaspace       used 38843K, committed 39488K, reserved 1114112K
  class space    used 5121K, committed 5376K, reserved 1048576K
}
Event: 718.999 GC heap after
{Heap after GC invocations=59 (full 48):
 garbage-first heap   total 65536K, used 24046K [0x00000000c0000000, 0x0000000100000000)
  region size 1024K, 0 young (0K), 0 survivors (0K)
 Metaspace       used 38843K, committed 39488K, reserved 1114112K
  class space    used 5121K, committed 5376K, reserved 1048576K
}
Event: 734.897 GC heap before
{Heap before GC invocations=59 (full 48):
 garbage-first heap   total 65536K, used 24046K [0x00000000c0000000, 0x0000000100000000)
  region size 1024K, 1 young (1024K), 0 survivors (0K)
 Metaspace       used 38843K, committed 39488K, reserved 1114112K
  class space    used 5121K, committed 5376K, reserved 1048576K
}
Event: 734.950 GC heap after
{Heap after GC invocations=60 (full 49):
 garbage-first heap   total 65536K, used 24046K [0x00000000c0000000, 0x0000000100000000)
  region size 1024K, 0 young (0K), 0 survivors (0K)
 Metaspace       used 38843K, committed 39488K, reserved 1114112K
  class space    used 5121K, committed 5376K, reserved 1048576K
}
Event: 750.140 GC heap before
{Heap before GC invocations=60 (full 49):
 garbage-first heap   total 65536K, used 24046K [0x00000000c0000000, 0x0000000100000000)
  region size 1024K, 1 young (1024K), 0 survivors (0K)
 Metaspace       used 38843K, committed 39488K, reserved 1114112K
  class space    used 5121K, committed 5376K, reserved 1048576K
}
Event: 750.194 GC heap after
{Heap after GC invocations=61 (full 50):
 garbage-first heap   total 65536K, used 24046K [0x00000000c0000000, 0x0000000100000000)
  region size 1024K, 0 young (0K), 0 survivors (0K)
 Metaspace       used 38843K, committed 39488K, reserved 1114112K
  class space    used 5121K, committed 5376K, reserved 1048576K
}
Event: 769.591 GC heap before
{Heap before GC invocations=61 (full 50):
 garbage-first heap   total 65536K, used 24046K [0x00000000c0000000, 0x0000000100000000)
  region size 1024K, 1 young (1024K), 0 survivors (0K)
 Metaspace       used 38843K, committed 39488K, reserved 1114112K
  class space    used 5121K, committed 5376K, reserved 1048576K
}
Event: 769.648 GC heap after
{Heap after GC invocations=62 (full 51):
 garbage-first heap   total 65536K, used 24046K [0x00000000c0000000, 0x0000000100000000)
  region size 1024K, 0 young (0K), 0 survivors (0K)
 Metaspace       used 38843K, committed 39488K, reserved 1114112K
  class space    used 5121K, committed 5376K, reserved 1048576K
}
Event: 784.228 GC heap before
{Heap before GC invocations=62 (full 51):
 garbage-first heap   total 65536K, used 24046K [0x00000000c0000000, 0x0000000100000000)
  region size 1024K, 1 young (1024K), 0 survivors (0K)
 Metaspace       used 38843K, committed 39488K, reserved 1114112K
  class space    used 5121K, committed 5376K, reserved 1048576K
}
Event: 784.291 GC heap after
{Heap after GC invocations=63 (full 52):
 garbage-first heap   total 65536K, used 24046K [0x00000000c0000000, 0x0000000100000000)
  region size 1024K, 0 young (0K), 0 survivors (0K)
 Metaspace       used 38843K, committed 39488K, reserved 1114112K
  class space    used 5121K, committed 5376K, reserved 1048576K
}
Event: 795.888 GC heap before
{Heap before GC invocations=63 (full 52):
 garbage-first heap   total 65536K, used 24046K [0x00000000c0000000, 0x0000000100000000)
  region size 1024K, 1 young (1024K), 0 survivors (0K)
 Metaspace       used 38843K, committed 39488K, reserved 1114112K
  class space    used 5121K, committed 5376K, reserved 1048576K
}
Event: 795.940 GC heap after
{Heap after GC invocations=64 (full 53):
 garbage-first heap   total 65536K, used 24046K [0x00000000c0000000, 0x0000000100000000)
  region size 1024K, 0 young (0K), 0 survivors (0K)
 Metaspace       used 38843K, committed 39488K, reserved 1114112K
  class space    used 5121K, committed 5376K, reserved 1048576K
}
Event: 812.341 GC heap before
{Heap before GC invocations=64 (full 53):
 garbage-first heap   total 65536K, used 24046K [0x00000000c0000000, 0x0000000100000000)
  region size 1024K, 1 young (1024K), 0 survivors (0K)
 Metaspace       used 38843K, committed 39488K, reserved 1114112K
  class space    used 5121K, committed 5376K, reserved 1048576K
}
Event: 812.399 GC heap after
{Heap after GC invocations=65 (full 54):
 garbage-first heap   total 65536K, used 24046K [0x00000000c0000000, 0x0000000100000000)
  region size 1024K, 0 young (0K), 0 survivors (0K)
 Metaspace       used 38843K, committed 39488K, reserved 1114112K
  class space    used 5121K, committed 5376K, reserved 1048576K
}

